<?xml version="1.0" encoding="UTF-8"?>
<!-- Generated by org.testng.reporters.JUnitXMLReporter -->
<testsuite ignored="6" hostname="SSHCITS1NL07" failures="0" tests="3" name="TestNG Groups Concept" time="0.237" errors="0" timestamp="30 Oct 2020 01:35:45 GMT">
  <testcase classname="testNG.concepts.TestNGGroups" name="testSmoke" time="0.008"/>
  <testcase classname="testNG.concepts.TestNGGroups" name="testSmoke_three" time="0.004"/>
  <testcase classname="testNG.concepts.TestNGGroups" name="testSmoke_two" time="0.007"/>
  <testcase classname="testNG.concepts.TestNGGroups" name="testRegression_two" time="0.0">
    <ignored/>
  </testcase> <!-- testRegression_two -->
  <testcase classname="testNG.concepts.TestNGAnnotations" name="test_two" time="0.0">
    <ignored/>
  </testcase> <!-- test_two -->
  <testcase classname="testNG.concepts.TestNGAnnotations" name="test_without_priority" time="0.0">
    <ignored/>
  </testcase> <!-- test_without_priority -->
  <testcase classname="testNG.concepts.TestNGAnnotations" name="test_one" time="0.0">
    <ignored/>
  </testcase> <!-- test_one -->
  <testcase classname="testNG.concepts.TestNGGroups" name="testRegression" time="0.0">
    <ignored/>
  </testcase> <!-- testRegression -->
  <testcase classname="testNG.concepts.TestNGAnnotations" name="test_three" time="0.0">
    <ignored/>
  </testcase> <!-- test_three -->
</testsuite> <!-- TestNG Groups Concept -->
