<?xml version="1.0" encoding="UTF-8"?>
<testng-results ignored="0" total="1" passed="1" failed="0" skipped="0">
  <reporter-output>
  </reporter-output>
  <suite started-at="2020-11-05T02:20:35Z" name="Default suite" finished-at="2020-11-05T02:20:35Z" duration-ms="190">
    <groups>
    </groups>
    <test started-at="2020-11-05T02:20:35Z" name="Default test" finished-at="2020-11-05T02:20:35Z" duration-ms="190">
      <class name="testNG.concepts.TestClass">
        <test-method signature="test()[pri:0, instance:testNG.concepts.TestClass@6e75aa0d]" started-at="2020-11-05T02:20:35Z" name="test" finished-at="2020-11-05T02:20:35Z" duration-ms="51" status="PASS">
          <reporter-output>
          </reporter-output>
        </test-method> <!-- test -->
      </class> <!-- testNG.concepts.TestClass -->
    </test> <!-- Default test -->
  </suite> <!-- Default suite -->
</testng-results>
